<?xml version="1.0" encoding="UTF-8"?>
<!-- Generated by org.testng.reporters.JUnitXMLReporter -->
<testsuite ignored="0" hostname="siddu" failures="0" tests="3" name="Default test" time="45.211" errors="0" timestamp="2022-07-09T06:54:00 IST">
  <testcase classname="E2E_annotations.test_login" name="login" time="11.745"/>
  <testcase classname="Annotations.basicTestNG" name="testcase1" time="0.001"/>
  <testcase classname="Annotations.basicTestNG" name="testcase2" time="0.001"/>
</testsuite> <!-- Default test -->
