<?xml version="1.0" encoding="UTF-8"?>
<!-- Generated by org.testng.reporters.JUnitXMLReporter -->
<testsuite ignored="0" hostname="siddu" failures="1" tests="1" name="Test" time="80.28" errors="0" timestamp="2022-07-07T06:50:35 IST">
  <testcase classname="E2E_annotations.test_login" name="login" time="48.702">
    <failure type="java.lang.AssertionError" message="expected [login: Mercury Tours] but found [Login: Mercury Tours]">
      <![CDATA[java.lang.AssertionError: expected [login: Mercury Tours] but found [Login: Mercury Tours]
at E2E_annotations.test_login.login(test_login.java:42)
at java.base/java.util.ArrayList.forEach(ArrayList.java:1511)
... Removed 33 stack frames]]>
    </failure>
  </testcase> <!-- login -->
</testsuite> <!-- Test -->
