<?xml version="1.0" encoding="UTF-8"?>
<testng-results ignored="0" total="3" passed="3" failed="0" skipped="0">
  <reporter-output>
  </reporter-output>
  <suite started-at="2022-07-09T06:53:14 IST" name="Default suite" finished-at="2022-07-09T06:54:00 IST" duration-ms="45211">
    <groups>
    </groups>
    <test started-at="2022-07-09T06:53:14 IST" name="Default test" finished-at="2022-07-09T06:54:00 IST" duration-ms="45211">
      <class name="E2E_annotations.test_login">
        <test-method is-config="true" signature="openURL()[pri:0, instance:E2E_annotations.test_login@368f2016]" started-at="2022-07-09T06:53:14 IST" name="openURL" finished-at="2022-07-09T06:53:48 IST" duration-ms="33183" status="PASS">
          <reporter-output>
          </reporter-output>
        </test-method> <!-- openURL -->
        <test-method signature="login()[pri:0, instance:E2E_annotations.test_login@368f2016]" started-at="2022-07-09T06:53:48 IST" name="login" finished-at="2022-07-09T06:53:59 IST" duration-ms="11745" status="PASS">
          <reporter-output>
          </reporter-output>
        </test-method> <!-- login -->
        <test-method is-config="true" signature="captureScreen(org.testng.ITestResult)[pri:0, instance:E2E_annotations.test_login@368f2016]" started-at="2022-07-09T06:53:59 IST" name="captureScreen" finished-at="2022-07-09T06:53:59 IST" duration-ms="2" status="PASS">
          <params>
            <param index="0">
              <value>
                <![CDATA[[TestResult name=login status=SUCCESS method=test_login.login()[pri:0, instance:E2E_annotations.test_login@368f2016] output={null}]]]>
              </value>
            </param>
          </params>
          <reporter-output>
          </reporter-output>
        </test-method> <!-- captureScreen -->
        <test-method is-config="true" signature="quit()[pri:0, instance:E2E_annotations.test_login@368f2016]" started-at="2022-07-09T06:53:59 IST" name="quit" finished-at="2022-07-09T06:54:00 IST" duration-ms="229" status="PASS">
          <reporter-output>
          </reporter-output>
        </test-method> <!-- quit -->
      </class> <!-- E2E_annotations.test_login -->
      <class name="Annotations.basicTestNG">
        <test-method is-config="true" signature="beforeclass()[pri:0, instance:Annotations.basicTestNG@55182842]" started-at="2022-07-09T06:54:00 IST" name="beforeclass" finished-at="2022-07-09T06:54:00 IST" duration-ms="1" status="PASS">
          <reporter-output>
          </reporter-output>
        </test-method> <!-- beforeclass -->
        <test-method is-config="true" signature="beforemethod()[pri:0, instance:Annotations.basicTestNG@55182842]" started-at="2022-07-09T06:54:00 IST" name="beforemethod" finished-at="2022-07-09T06:54:00 IST" duration-ms="0" status="PASS">
          <reporter-output>
          </reporter-output>
        </test-method> <!-- beforemethod -->
        <test-method signature="testcase1()[pri:0, instance:Annotations.basicTestNG@55182842]" started-at="2022-07-09T06:54:00 IST" name="testcase1" finished-at="2022-07-09T06:54:00 IST" duration-ms="1" status="PASS">
          <reporter-output>
          </reporter-output>
        </test-method> <!-- testcase1 -->
        <test-method is-config="true" signature="aftermethod()[pri:0, instance:Annotations.basicTestNG@55182842]" started-at="2022-07-09T06:54:00 IST" name="aftermethod" finished-at="2022-07-09T06:54:00 IST" duration-ms="1" status="PASS">
          <reporter-output>
          </reporter-output>
        </test-method> <!-- aftermethod -->
        <test-method is-config="true" signature="beforemethod()[pri:0, instance:Annotations.basicTestNG@55182842]" started-at="2022-07-09T06:54:00 IST" name="beforemethod" finished-at="2022-07-09T06:54:00 IST" duration-ms="0" status="PASS">
          <reporter-output>
          </reporter-output>
        </test-method> <!-- beforemethod -->
        <test-method signature="testcase2()[pri:0, instance:Annotations.basicTestNG@55182842]" started-at="2022-07-09T06:54:00 IST" name="testcase2" finished-at="2022-07-09T06:54:00 IST" duration-ms="1" status="PASS">
          <reporter-output>
          </reporter-output>
        </test-method> <!-- testcase2 -->
        <test-method is-config="true" signature="aftermethod()[pri:0, instance:Annotations.basicTestNG@55182842]" started-at="2022-07-09T06:54:00 IST" name="aftermethod" finished-at="2022-07-09T06:54:00 IST" duration-ms="0" status="PASS">
          <reporter-output>
          </reporter-output>
        </test-method> <!-- aftermethod -->
        <test-method is-config="true" signature="afterclass()[pri:0, instance:Annotations.basicTestNG@55182842]" started-at="2022-07-09T06:54:00 IST" name="afterclass" finished-at="2022-07-09T06:54:00 IST" duration-ms="1" status="PASS">
          <reporter-output>
          </reporter-output>
        </test-method> <!-- afterclass -->
      </class> <!-- Annotations.basicTestNG -->
    </test> <!-- Default test -->
  </suite> <!-- Default suite -->
</testng-results>
